#
# A fatal error has been detected by the Java Runtime Environment:
#
#  EXCEPTION_ACCESS_VIOLATION (0xc0000005) at pc=0x00000000630372f5, pid=6024, tid=5624
#
# JRE version: Java(TM) SE Runtime Environment (8.0_05-b13) (build 1.8.0_05-b13)
# Java VM: Java HotSpot(TM) 64-Bit Server VM (25.5-b02 mixed mode windows-amd64 compressed oops)
# Problematic frame:
# V  [jvm.dll+0x1172f5]
#
# Failed to write core dump. Minidumps are not enabled by default on client versions of Windows
#
# If you would like to submit a bug report, please visit:
#   http://bugreport.sun.com/bugreport/crash.jsp
#

---------------  T H R E A D  ---------------

Current thread (0x0000000014f4a800):  JavaThread "JDWP Transport Listener: dt_socket" daemon [_thread_in_vm, id=5624, stack(0x00000000164c0000,0x00000000165c0000)]

siginfo: ExceptionCode=0xc0000005, reading address 0x0000000000000008

Registers:
RAX=0x00000000165bf701, RBX=0x0000000014f4a800, RCX=0x0000000000000008, RDX=0x0000000000000000
RSP=0x00000000165bf700, RBP=0x0000000000000008, RSI=0x00000000165bf818, RDI=0x00000000027cc8d0
R8 =0x0000000014f4a800, R9 =0x0000000000008000, R10=0x0000000000000000, R11=0x00000000165bf998
R12=0x0000000000000000, R13=0x0000000014f543b8, R14=0x0000000000000000, R15=0x0000000000000000
RIP=0x00000000630372f5, EFLAGS=0x0000000000010202

Top of Stack: (sp=0x00000000165bf700)
0x00000000165bf700:   0000000014f4a800 0000000014f4a800
0x00000000165bf710:   00000000165bf7c8 000000006322a04b
0x00000000165bf720:   0000000014f4a800 00000000632468ad
0x00000000165bf730:   0000000000000000 0000000062e59149
0x00000000165bf740:   00000000169e2b60 0000000062e62912
0x00000000165bf750:   0000000014f4a800 0000000000000000
0x00000000165bf760:   0000000000000000 0000000000000000
0x00000000165bf770:   0000000000000008 0000000062e61a09
0x00000000165bf780:   00000000165bf818 00000000165bf7f0
0x00000000165bf790:   0000000000000001 00000000169e2b60
0x00000000165bf7a0:   0000000000000008 0000000062e453b3
0x00000000165bf7b0:   00000000165bf8e0 0000000000000001
0x00000000165bf7c0:   0000000000000001 00000000169e2b60
0x00000000165bf7d0:   0000000000000001 0000000000000000
0x00000000165bf7e0:   0000000000000000 0000000000000000
0x00000000165bf7f0:   0000000000000001 0000000062e45571 

Instructions: (pc=0x00000000630372f5)
0x00000000630372d5:   cc cc cc cc cc cc cc cc cc cc cc 48 83 ec 28 48
0x00000000630372e5:   85 c9 75 07 33 c0 48 83 c4 28 c3 48 89 5c 24 20
0x00000000630372f5:   48 8b 19 48 85 db 74 20 48 83 fb 37 74 1a 48 8b
0x0000000063037305:   13 48 8b cb ff 52 08 84 c0 74 0d 48 8b c3 48 8b 


Register to memory mapping:

RAX=0x00000000165bf701 is pointing into the stack for thread: 0x0000000014f4a800
RBX=0x0000000014f4a800 is a thread
RCX=0x0000000000000008 is an unknown value
RDX=0x0000000000000000 is an unknown value
RSP=0x00000000165bf700 is pointing into the stack for thread: 0x0000000014f4a800
RBP=0x0000000000000008 is an unknown value
RSI=0x00000000165bf818 is pointing into the stack for thread: 0x0000000014f4a800
RDI=0x00000000027cc8d0 is an unknown value
R8 =0x0000000014f4a800 is a thread
R9 =0x0000000000008000 is an unknown value
R10=0x0000000000000000 is an unknown value
R11=0x00000000165bf998 is pointing into the stack for thread: 0x0000000014f4a800
R12=0x0000000000000000 is an unknown value
R13=0x0000000014f543b8 is an unknown value
R14=0x0000000000000000 is an unknown value
R15=0x0000000000000000 is an unknown value


Stack: [0x00000000164c0000,0x00000000165c0000],  sp=0x00000000165bf700,  free space=1021k
Native frames: (J=compiled Java code, j=interpreted, Vv=VM code, C=native code)
V  [jvm.dll+0x1172f5]
V  [jvm.dll+0x3268ad]
C  [jdwp.dll+0x21a09]
C  [jdwp.dll+0x53b3]
C  [jdwp.dll+0x5571]
C  [jdwp.dll+0xf09c]
C  [jdwp.dll+0x1f2c9]
C  [jdwp.dll+0x1f49e]
V  [jvm.dll+0x1a7128]
V  [jvm.dll+0x2232c4]
V  [jvm.dll+0x27baca]
C  [msvcr100.dll+0x21d9f]
C  [msvcr100.dll+0x21e3b]
C  [KERNEL32.DLL+0x16ad]
C  [ntdll.dll+0x54409]


---------------  P R O C E S S  ---------------

Java Threads: ( => current thread )
  0x00000000173a9800 JavaThread "DestroyJavaVM" [_thread_blocked, id=5140, stack(0x0000000002690000,0x0000000002790000)]
  0x0000000016b27000 JavaThread "com%002edontah%002edomain%002e%0043ompany.data" [_thread_blocked, id=6592, stack(0x000000001a070000,0x000000001a170000)]
  0x000000001824d800 JavaThread "Statistics Thread" daemon [_thread_blocked, id=5748, stack(0x0000000019e70000,0x0000000019f70000)]
  0x00000000180b5800 JavaThread "com%002edontah%002edomain%002e%0042alance.data" [_thread_blocked, id=7028, stack(0x0000000019d70000,0x0000000019e70000)]
  0x000000001779c000 JavaThread "Statistics Thread" daemon [_thread_blocked, id=2792, stack(0x0000000019c70000,0x0000000019d70000)]
  0x0000000016a25000 JavaThread "com%002edontah%002edomain%002e%0052esult%0045ntity.data" [_thread_blocked, id=5692, stack(0x0000000019b70000,0x0000000019c70000)]
  0x0000000016a23000 JavaThread "Statistics Thread" daemon [_thread_blocked, id=4260, stack(0x0000000019a70000,0x0000000019b70000)]
  0x0000000016b28000 JavaThread "org%002ehibernate%002ecache%002einternal%002e%0053tandard%0051uery%0043ache.data" [_thread_blocked, id=7100, stack(0x0000000019970000,0x0000000019a70000)]
  0x0000000017175000 JavaThread "Statistics Thread" daemon [_thread_blocked, id=1188, stack(0x0000000019670000,0x0000000019770000)]
  0x0000000018670000 JavaThread "org%002ehibernate%002ecache%002espi%002e%0055pdate%0054imestamps%0043ache.data" [_thread_blocked, id=7108, stack(0x0000000019570000,0x0000000019670000)]
  0x000000001866d000 JavaThread "__DEFAULT__" daemon [_thread_blocked, id=5736, stack(0x0000000019470000,0x0000000019570000)]
  0x000000001697b800 JavaThread "Service Thread" daemon [_thread_blocked, id=6720, stack(0x0000000016ec0000,0x0000000016fc0000)]
  0x0000000016913800 JavaThread "C1 CompilerThread2" daemon [_thread_blocked, id=6568, stack(0x0000000016dc0000,0x0000000016ec0000)]
  0x0000000016913000 JavaThread "C2 CompilerThread1" daemon [_thread_blocked, id=6656, stack(0x0000000016cc0000,0x0000000016dc0000)]
  0x0000000016912000 JavaThread "C2 CompilerThread0" daemon [_thread_blocked, id=6660, stack(0x0000000016bc0000,0x0000000016cc0000)]
  0x0000000014f5b800 JavaThread "JDWP Command Reader" daemon [_thread_in_native, id=3480, stack(0x00000000166c0000,0x00000000167c0000)]
  0x0000000014f58000 JavaThread "JDWP Event Helper Thread" daemon [_thread_blocked, id=4580, stack(0x00000000165c0000,0x00000000166c0000)]
=>0x0000000014f4a800 JavaThread "JDWP Transport Listener: dt_socket" daemon [_thread_in_vm, id=5624, stack(0x00000000164c0000,0x00000000165c0000)]
  0x0000000014f41000 JavaThread "Attach Listener" daemon [_thread_blocked, id=6764, stack(0x00000000163c0000,0x00000000164c0000)]
  0x0000000014f3e800 JavaThread "Signal Dispatcher" daemon [_thread_blocked, id=7160, stack(0x00000000162c0000,0x00000000163c0000)]
  0x0000000002a39800 JavaThread "Finalizer" daemon [_thread_blocked, id=6088, stack(0x00000000161c0000,0x00000000162c0000)]
  0x0000000014f07800 JavaThread "Reference Handler" daemon [_thread_blocked, id=4152, stack(0x00000000160c0000,0x00000000161c0000)]

Other Threads:
  0x0000000014f05000 VMThread [stack: 0x0000000015fc0000,0x00000000160c0000] [id=6164]
  0x000000001697c000 WatcherThread [stack: 0x0000000016fc0000,0x00000000170c0000] [id=6312]

VM state:not at safepoint (normal execution)

VM Mutex/Monitor currently owned by a thread: None

Heap:
 PSYoungGen      total 31744K, used 26720K [0x00000000ebb80000, 0x00000000ee280000, 0x0000000100000000)
  eden space 28160K, 86% used [0x00000000ebb80000,0x00000000ed333d28,0x00000000ed700000)
  from space 3584K, 68% used [0x00000000edc00000,0x00000000ede64678,0x00000000edf80000)
  to   space 5120K, 0% used [0x00000000ed700000,0x00000000ed700000,0x00000000edc00000)
 ParOldGen       total 13312K, used 9348K [0x00000000c3200000, 0x00000000c3f00000, 0x00000000ebb80000)
  object space 13312K, 70% used [0x00000000c3200000,0x00000000c3b21398,0x00000000c3f00000)
 Metaspace       used 27029K, capacity 27236K, committed 27648K, reserved 1073152K
  class space    used 3454K, capacity 3484K, committed 3584K, reserved 1048576K

Card table byte_map: [0x0000000011e00000,0x0000000011ff0000] byte_map_base: 0x00000000117e7000

Marking Bits: (ParMarkBitMap*) 0x00000000636d13b0
 Begin Bits: [0x0000000012540000, 0x0000000013478000)
 End Bits:   [0x0000000013478000, 0x00000000143b0000)

Polling page: 0x0000000000d90000

CodeCache: size=245760Kb used=9884Kb max_used=9891Kb free=235875Kb
 bounds [0x0000000002a40000, 0x0000000003400000, 0x0000000011a40000]
 total_blobs=3268 nmethods=2820 adapters=370
 compilation: enabled

Compilation events (10 events):
Event: 615.669 Thread 0x0000000016913800 2821       3       java.util.concurrent.ConcurrentHashMap::sumCount (48 bytes)
Event: 615.670 Thread 0x0000000016913800 nmethod 2821 0x00000000033e5fd0 code [0x00000000033e6140, 0x00000000033e63f0]
Event: 615.806 Thread 0x0000000016913800 2822       3       java.util.EnumMap$EnumMapIterator::hasNext (64 bytes)
Event: 615.807 Thread 0x0000000016913800 nmethod 2822 0x00000000033e5a50 code [0x00000000033e5bc0, 0x00000000033e5eb0]
Event: 615.980 Thread 0x0000000016913800 2823  s    3       net.sf.ehcache.statistics.extended.AbstractStatistic::expire (36 bytes)
Event: 615.981 Thread 0x0000000016913800 nmethod 2823 0x00000000033e4e50 code [0x00000000033e5000, 0x00000000033e5798]
Event: 616.976 Thread 0x0000000016913800 2824       3       java.util.concurrent.ConcurrentHashMap$BaseIterator::<init> (21 bytes)
Event: 616.977 Thread 0x0000000016913800 nmethod 2824 0x00000000033e4950 code [0x00000000033e4ac0, 0x00000000033e4d58]
Event: 616.977 Thread 0x0000000016913800 2825       3       java.util.concurrent.ConcurrentHashMap$Traverser::<init> (36 bytes)
Event: 616.977 Thread 0x0000000016913800 nmethod 2825 0x00000000033e4550 code [0x00000000033e46a0, 0x00000000033e4870]

GC Heap History (10 events):
Event: 17.252 GC heap before
{Heap before GC invocations=34 (full 0):
 PSYoungGen      total 22528K, used 4487K [0x00000000ebb80000, 0x00000000ed900000, 0x0000000100000000)
  eden space 19968K, 12% used [0x00000000ebb80000,0x00000000ebddc090,0x00000000ecf00000)
  from space 2560K, 80% used [0x00000000ecf00000,0x00000000ed105ed0,0x00000000ed180000)
  to   space 2560K, 0% used [0x00000000ed680000,0x00000000ed680000,0x00000000ed900000)
 ParOldGen       total 61952K, used 5241K [0x00000000c3200000, 0x00000000c6e80000, 0x00000000ebb80000)
  object space 61952K, 8% used [0x00000000c3200000,0x00000000c371e470,0x00000000c6e80000)
 Metaspace       used 20824K, capacity 21002K, committed 21248K, reserved 1067008K
  class space    used 2671K, capacity 2701K, committed 2816K, reserved 1048576K
Event: 17.259 GC heap after
Heap after GC invocations=34 (full 0):
 PSYoungGen      total 27648K, used 359K [0x00000000ebb80000, 0x00000000ed900000, 0x0000000100000000)
  eden space 25088K, 0% used [0x00000000ebb80000,0x00000000ebb80000,0x00000000ed400000)
  from space 2560K, 14% used [0x00000000ed680000,0x00000000ed6d9cb0,0x00000000ed900000)
  to   space 2560K, 0% used [0x00000000ed400000,0x00000000ed400000,0x00000000ed680000)
 ParOldGen       total 61952K, used 6101K [0x00000000c3200000, 0x00000000c6e80000, 0x00000000ebb80000)
  object space 61952K, 9% used [0x00000000c3200000,0x00000000c37f5480,0x00000000c6e80000)
 Metaspace       used 20824K, capacity 21002K, committed 21248K, reserved 1067008K
  class space    used 2671K, capacity 2701K, committed 2816K, reserved 1048576K
}
Event: 17.259 GC heap before
{Heap before GC invocations=35 (full 1):
 PSYoungGen      total 27648K, used 359K [0x00000000ebb80000, 0x00000000ed900000, 0x0000000100000000)
  eden space 25088K, 0% used [0x00000000ebb80000,0x00000000ebb80000,0x00000000ed400000)
  from space 2560K, 14% used [0x00000000ed680000,0x00000000ed6d9cb0,0x00000000ed900000)
  to   space 2560K, 0% used [0x00000000ed400000,0x00000000ed400000,0x00000000ed680000)
 ParOldGen       total 61952K, used 6101K [0x00000000c3200000, 0x00000000c6e80000, 0x00000000ebb80000)
  object space 61952K, 9% used [0x00000000c3200000,0x00000000c37f5480,0x00000000c6e80000)
 Metaspace       used 20824K, capacity 21002K, committed 21248K, reserved 1067008K
  class space    used 2671K, capacity 2701K, committed 2816K, reserved 1048576K
Event: 17.383 GC heap after
Heap after GC invocations=35 (full 1):
 PSYoungGen      total 27648K, used 0K [0x00000000ebb80000, 0x00000000ed900000, 0x0000000100000000)
  eden space 25088K, 0% used [0x00000000ebb80000,0x00000000ebb80000,0x00000000ed400000)
  from space 2560K, 0% used [0x00000000ed680000,0x00000000ed680000,0x00000000ed900000)
  to   space 2560K, 0% used [0x00000000ed400000,0x00000000ed400000,0x00000000ed680000)
 ParOldGen       total 7680K, used 5497K [0x00000000c3200000, 0x00000000c3980000, 0x00000000ebb80000)
  object space 7680K, 71% used [0x00000000c3200000,0x00000000c375e550,0x00000000c3980000)
 Metaspace       used 20824K, capacity 21002K, committed 21248K, reserved 1067008K
  class space    used 2671K, capacity 2701K, committed 2816K, reserved 1048576K
}
Event: 25.755 GC heap before
{Heap before GC invocations=36 (full 1):
 PSYoungGen      total 27648K, used 25088K [0x00000000ebb80000, 0x00000000ed900000, 0x0000000100000000)
  eden space 25088K, 100% used [0x00000000ebb80000,0x00000000ed400000,0x00000000ed400000)
  from space 2560K, 0% used [0x00000000ed680000,0x00000000ed680000,0x00000000ed900000)
  to   space 2560K, 0% used [0x00000000ed400000,0x00000000ed400000,0x00000000ed680000)
 ParOldGen       total 7680K, used 5497K [0x00000000c3200000, 0x00000000c3980000, 0x00000000ebb80000)
  object space 7680K, 71% used [0x00000000c3200000,0x00000000c375e550,0x00000000c3980000)
 Metaspace       used 23357K, capacity 23522K, committed 23808K, reserved 1071104K
  class space    used 2981K, capacity 3025K, committed 3072K, reserved 1048576K
Event: 25.760 GC heap after
Heap after GC invocations=36 (full 1):
 PSYoungGen      total 27648K, used 2542K [0x00000000ebb80000, 0x00000000edf80000, 0x0000000100000000)
  eden space 25088K, 0% used [0x00000000ebb80000,0x00000000ebb80000,0x00000000ed400000)
  from space 2560K, 99% used [0x00000000ed400000,0x00000000ed67bb50,0x00000000ed680000)
  to   space 3584K, 0% used [0x00000000edc00000,0x00000000edc00000,0x00000000edf80000)
 ParOldGen       total 7680K, used 6019K [0x00000000c3200000, 0x00000000c3980000, 0x00000000ebb80000)
  object space 7680K, 78% used [0x00000000c3200000,0x00000000c37e0d98,0x00000000c3980000)
 Metaspace       used 23357K, capacity 23522K, committed 23808K, reserved 1071104K
  class space    used 2981K, capacity 3025K, committed 3072K, reserved 1048576K
}
Event: 42.395 GC heap before
{Heap before GC invocations=37 (full 1):
 PSYoungGen      total 27648K, used 27630K [0x00000000ebb80000, 0x00000000edf80000, 0x0000000100000000)
  eden space 25088K, 100% used [0x00000000ebb80000,0x00000000ed400000,0x00000000ed400000)
  from space 2560K, 99% used [0x00000000ed400000,0x00000000ed67bb50,0x00000000ed680000)
  to   space 3584K, 0% used [0x00000000edc00000,0x00000000edc00000,0x00000000edf80000)
 ParOldGen       total 7680K, used 6019K [0x00000000c3200000, 0x00000000c3980000, 0x00000000ebb80000)
  object space 7680K, 78% used [0x00000000c3200000,0x00000000c37e0d98,0x00000000c3980000)
 Metaspace       used 26382K, capacity 26600K, committed 26880K, reserved 1073152K
  class space    used 3421K, capacity 3474K, committed 3584K, reserved 1048576K
Event: 42.406 GC heap after
Heap after GC invocations=37 (full 1):
 PSYoungGen      total 31744K, used 3583K [0x00000000ebb80000, 0x00000000ee280000, 0x0000000100000000)
  eden space 28160K, 0% used [0x00000000ebb80000,0x00000000ebb80000,0x00000000ed700000)
  from space 3584K, 99% used [0x00000000edc00000,0x00000000edf7fca0,0x00000000edf80000)
  to   space 5120K, 0% used [0x00000000ed700000,0x00000000ed700000,0x00000000edc00000)
 ParOldGen       total 9728K, used 9518K [0x00000000c3200000, 0x00000000c3b80000, 0x00000000ebb80000)
  object space 9728K, 97% used [0x00000000c3200000,0x00000000c3b4b948,0x00000000c3b80000)
 Metaspace       used 26382K, capacity 26600K, committed 26880K, reserved 1073152K
  class space    used 3421K, capacity 3474K, committed 3584K, reserved 1048576K
}
Event: 42.406 GC heap before
{Heap before GC invocations=38 (full 2):
 PSYoungGen      total 31744K, used 3583K [0x00000000ebb80000, 0x00000000ee280000, 0x0000000100000000)
  eden space 28160K, 0% used [0x00000000ebb80000,0x00000000ebb80000,0x00000000ed700000)
  from space 3584K, 99% used [0x00000000edc00000,0x00000000edf7fca0,0x00000000edf80000)
  to   space 5120K, 0% used [0x00000000ed700000,0x00000000ed700000,0x00000000edc00000)
 ParOldGen       total 9728K, used 9518K [0x00000000c3200000, 0x00000000c3b80000, 0x00000000ebb80000)
  object space 9728K, 97% used [0x00000000c3200000,0x00000000c3b4b948,0x00000000c3b80000)
 Metaspace       used 26382K, capacity 26600K, committed 26880K, reserved 1073152K
  class space    used 3421K, capacity 3474K, committed 3584K, reserved 1048576K
Event: 42.574 GC heap after
Heap after GC invocations=38 (full 2):
 PSYoungGen      total 31744K, used 2449K [0x00000000ebb80000, 0x00000000ee280000, 0x0000000100000000)
  eden space 28160K, 0% used [0x00000000ebb80000,0x00000000ebb80000,0x00000000ed700000)
  from space 3584K, 68% used [0x00000000edc00000,0x00000000ede64678,0x00000000edf80000)
  to   space 5120K, 0% used [0x00000000ed700000,0x00000000ed700000,0x00000000edc00000)
 ParOldGen       total 13312K, used 9348K [0x00000000c3200000, 0x00000000c3f00000, 0x00000000ebb80000)
  object space 13312K, 70% used [0x00000000c3200000,0x00000000c3b21398,0x00000000c3f00000)
 Metaspace       used 26371K, capacity 26582K, committed 26880K, reserved 1073152K
  class space    used 3420K, capacity 3471K, committed 3584K, reserved 1048576K
}

Deoptimization events (10 events):
Event: 16.762 Thread 0x0000000002944000 Uncommon trap: reason=unreached action=reinterpret pc=0x0000000003023bf0 method=java.util.HashMap.putVal(ILjava/lang/Object;Ljava/lang/Object;ZZ)Ljava/lang/Object; @ 109
Event: 16.766 Thread 0x0000000002944000 Uncommon trap: reason=unreached action=reinterpret pc=0x0000000002f87e80 method=java.util.HashMap.resize()[Ljava/util/HashMap$Node; @ 206
Event: 17.385 Thread 0x000000001866d000 Uncommon trap: reason=bimorphic action=maybe_recompile pc=0x0000000002e81524 method=java.net.URL.<init>(Ljava/net/URL;Ljava/lang/String;Ljava/net/URLStreamHandler;)V @ 504
Event: 67.204 Thread 0x0000000002944000 Uncommon trap: reason=bimorphic action=maybe_recompile pc=0x0000000002e81524 method=java.net.URL.<init>(Ljava/net/URL;Ljava/lang/String;Ljava/net/URLStreamHandler;)V @ 504
Event: 68.059 Thread 0x0000000002944000 Uncommon trap: reason=bimorphic action=maybe_recompile pc=0x0000000002e81524 method=java.net.URL.<init>(Ljava/net/URL;Ljava/lang/String;Ljava/net/URLStreamHandler;)V @ 504
Event: 68.282 Thread 0x0000000002944000 Uncommon trap: reason=unreached action=reinterpret pc=0x00000000031c39c8 method=com.fasterxml.jackson.core.sym.CharsToNameCanonicalizer.findSymbol([CIII)Ljava/lang/String; @ 45
Event: 70.187 Thread 0x0000000002944000 Uncommon trap: reason=null_check action=make_not_entrant pc=0x00000000032d481c method=com.fasterxml.jackson.databind.introspect.MemberKey.equals(Ljava/lang/Object;)Z @ 107
Event: 70.187 Thread 0x0000000002944000 Uncommon trap: reason=null_check action=make_not_entrant pc=0x00000000032f9404 method=com.fasterxml.jackson.databind.introspect.MemberKey.equals(Ljava/lang/Object;)Z @ 107
Event: 70.203 Thread 0x0000000002944000 Uncommon trap: reason=null_check action=make_not_entrant pc=0x0000000003302434 method=com.fasterxml.jackson.databind.util.ClassUtil._addSuperTypes(Ljava/lang/Class;Ljava/lang/Class;Ljava/util/Collection;Z)V @ 83
Event: 71.775 Thread 0x0000000002944000 Uncommon trap: reason=null_check action=make_not_entrant pc=0x000000000337dd64 method=com.fasterxml.jackson.databind.introspect.MemberKey.equals(Ljava/lang/Object;)Z @ 117

Internal exceptions (10 events):
Event: 72.583 Thread 0x0000000002944000 Exception <a 'java/net/SocketTimeoutException': Read timed out> (0x00000000ecfd6d88) thrown at [D:\re\workspace\8-2-build-windows-amd64-cygwin\jdk8u5\2488\hotspot\src\share\vm\prims\jni.cpp, line 742]
Event: 72.769 Thread 0x0000000002944000 Exception <a 'java/net/SocketTimeoutException': Read timed out> (0x00000000ed0996c8) thrown at [D:\re\workspace\8-2-build-windows-amd64-cygwin\jdk8u5\2488\hotspot\src\share\vm\prims\jni.cpp, line 742]
Event: 72.955 Thread 0x0000000002944000 Implicit null exception at 0x00000000033dcae1 to 0x00000000033dcbac
Event: 72.955 Thread 0x0000000002944000 Exception <a 'java/lang/NullPointerException'> (0x00000000ed115888) thrown at [D:\re\workspace\8-2-build-windows-amd64-cygwin\jdk8u5\2488\hotspot\src\share\vm\runtime\sharedRuntime.cpp, line 595]
Event: 135.540 Thread 0x0000000018670000 Exception <a 'java/security/PrivilegedActionException'> (0x00000000ed186d00) thrown at [D:\re\workspace\8-2-build-windows-amd64-cygwin\jdk8u5\2488\hotspot\src\share\vm\prims\jvm.cpp, line 1248]
Event: 135.542 Thread 0x0000000018670000 Exception <a 'java/security/PrivilegedActionException'> (0x00000000ed190338) thrown at [D:\re\workspace\8-2-build-windows-amd64-cygwin\jdk8u5\2488\hotspot\src\share\vm\prims\jvm.cpp, line 1248]
Event: 135.543 Thread 0x0000000018670000 Exception <a 'java/security/PrivilegedActionException'> (0x00000000ed199378) thrown at [D:\re\workspace\8-2-build-windows-amd64-cygwin\jdk8u5\2488\hotspot\src\share\vm\prims\jvm.cpp, line 1248]
Event: 135.545 Thread 0x0000000018670000 Exception <a 'java/security/PrivilegedActionException'> (0x00000000ed1a2b68) thrown at [D:\re\workspace\8-2-build-windows-amd64-cygwin\jdk8u5\2488\hotspot\src\share\vm\prims\jvm.cpp, line 1248]
Event: 315.671 Thread 0x0000000017175000 Exception <a 'java/security/PrivilegedActionException'> (0x00000000ed2ea0b0) thrown at [D:\re\workspace\8-2-build-windows-amd64-cygwin\jdk8u5\2488\hotspot\src\share\vm\prims\jvm.cpp, line 1248]
Event: 315.672 Thread 0x0000000017175000 Exception <a 'java/security/PrivilegedActionException'> (0x00000000ed2f5760) thrown at [D:\re\workspace\8-2-build-windows-amd64-cygwin\jdk8u5\2488\hotspot\src\share\vm\prims\jvm.cpp, line 1248]

Events (10 events):
Event: 757.514 Executing VM operation: ChangeBreakpoints
Event: 757.514 Executing VM operation: ChangeBreakpoints done
Event: 757.515 Executing VM operation: ChangeBreakpoints
Event: 757.515 Executing VM operation: ChangeBreakpoints done
Event: 757.550 Thread 0x0000000014f4a800 DEOPT PACKING pc=0x0000000002bede24 sp=0x00000000165be2f0
Event: 757.550 Thread 0x0000000014f4a800 DEOPT UNPACKING pc=0x0000000002a87204 sp=0x00000000165be028 mode 1
Event: 757.552 Executing VM operation: RedefineClasses
Event: 757.596 Executing VM operation: RedefineClasses done
Event: 757.629 Executing VM operation: ChangeBreakpoints
Event: 757.631 Executing VM operation: ChangeBreakpoints done


Dynamic libraries:
0x00007ff758e90000 - 0x00007ff758ec4000 	C:\Program Files\Java\jdk1.8.0_05\bin\java.exe
0x00007fff7ac40000 - 0x00007fff7ade6000 	C:\WINDOWS\SYSTEM32\ntdll.dll
0x00007fff784c0000 - 0x00007fff785fa000 	C:\WINDOWS\system32\KERNEL32.DLL
0x00007fff783b0000 - 0x00007fff784bf000 	C:\WINDOWS\system32\KERNELBASE.dll
0x00007fff76bd0000 - 0x00007fff76c58000 	C:\WINDOWS\system32\apphelp.dll
0x00007fff6e830000 - 0x00007fff6e87f000 	C:\WINDOWS\AppPatch\AppPatch64\AcGenral.DLL
0x00007fff78840000 - 0x00007fff788e7000 	C:\WINDOWS\system32\msvcrt.dll
0x00007fff77df0000 - 0x00007fff77e1b000 	C:\WINDOWS\SYSTEM32\SspiCli.dll
0x00007fff7abe0000 - 0x00007fff7ac31000 	C:\WINDOWS\system32\SHLWAPI.dll
0x00007fff788f0000 - 0x00007fff78a61000 	C:\WINDOWS\system32\USER32.dll
0x00007fff78ed0000 - 0x00007fff79048000 	C:\WINDOWS\system32\ole32.dll
0x00007fff797d0000 - 0x00007fff7abdf000 	C:\WINDOWS\system32\SHELL32.dll
0x00007fff775b0000 - 0x00007fff775ce000 	C:\WINDOWS\SYSTEM32\USERENV.dll
0x00007fff790b0000 - 0x00007fff79155000 	C:\WINDOWS\system32\ADVAPI32.dll
0x00007fff6e5b0000 - 0x00007fff6e5cb000 	C:\WINDOWS\SYSTEM32\MPR.dll
0x00007fff78d80000 - 0x00007fff78eb7000 	C:\WINDOWS\system32\RPCRT4.dll
0x00007fff787e0000 - 0x00007fff78837000 	C:\WINDOWS\SYSTEM32\sechost.dll
0x00007fff795f0000 - 0x00007fff797c6000 	C:\WINDOWS\SYSTEM32\combase.dll
0x00007fff78ab0000 - 0x00007fff78bf4000 	C:\WINDOWS\system32\GDI32.dll
0x00007fff77fb0000 - 0x00007fff77fc4000 	C:\WINDOWS\SYSTEM32\profapi.dll
0x00007fff75c10000 - 0x00007fff75caf000 	C:\WINDOWS\SYSTEM32\SHCORE.dll
0x00007fff79550000 - 0x00007fff79584000 	C:\WINDOWS\system32\IMM32.DLL
0x00007fff79360000 - 0x00007fff79499000 	C:\WINDOWS\system32\MSCTF.dll
0x00007fff757e0000 - 0x00007fff75a3a000 	C:\WINDOWS\WinSxS\amd64_microsoft.windows.common-controls_6595b64144ccf1df_6.0.9600.17031_none_6242a4b3ecbb55a1\COMCTL32.dll
0x0000000063750000 - 0x0000000063822000 	C:\Program Files\Java\jdk1.8.0_05\jre\bin\msvcr100.dll
0x0000000062f20000 - 0x000000006374a000 	C:\Program Files\Java\jdk1.8.0_05\jre\bin\server\jvm.dll
0x00007fff68180000 - 0x00007fff68189000 	C:\WINDOWS\SYSTEM32\WSOCK32.dll
0x00007fff726e0000 - 0x00007fff726ff000 	C:\WINDOWS\SYSTEM32\WINMM.dll
0x00007fff78c00000 - 0x00007fff78c07000 	C:\WINDOWS\system32\PSAPI.DLL
0x00007fff79590000 - 0x00007fff795e8000 	C:\WINDOWS\system32\WS2_32.dll
0x00007fff6e500000 - 0x00007fff6e52a000 	C:\WINDOWS\SYSTEM32\WINMMBASE.dll
0x00007fff78a70000 - 0x00007fff78a79000 	C:\WINDOWS\system32\NSI.dll
0x00007fff78260000 - 0x00007fff782aa000 	C:\WINDOWS\SYSTEM32\cfgmgr32.dll
0x00007fff76e20000 - 0x00007fff76e46000 	C:\WINDOWS\SYSTEM32\DEVOBJ.dll
0x0000000062f10000 - 0x0000000062f1f000 	C:\Program Files\Java\jdk1.8.0_05\jre\bin\verify.dll
0x0000000062ee0000 - 0x0000000062f08000 	C:\Program Files\Java\jdk1.8.0_05\jre\bin\java.dll
0x0000000062e40000 - 0x0000000062e75000 	C:\Program Files\Java\jdk1.8.0_05\jre\bin\jdwp.dll
0x0000000062e30000 - 0x0000000062e38000 	C:\Program Files\Java\jdk1.8.0_05\jre\bin\npt.dll
0x0000000062e00000 - 0x0000000062e23000 	C:\Program Files\Java\jdk1.8.0_05\jre\bin\instrument.dll
0x0000000062ec0000 - 0x0000000062ed6000 	C:\Program Files\Java\jdk1.8.0_05\jre\bin\zip.dll
0x0000000062df0000 - 0x0000000062df9000 	C:\Program Files\Java\jdk1.8.0_05\jre\bin\dt_socket.dll
0x00007fff77800000 - 0x00007fff77858000 	C:\WINDOWS\system32\mswsock.dll
0x0000000069340000 - 0x00000000693c5000 	C:\Users\Bruno\AppData\Local\Temp\sqlite-3.7.2-sqlitejdbc.dll
0x0000000062ea0000 - 0x0000000062eba000 	C:\Program Files\Java\jdk1.8.0_05\jre\bin\net.dll
0x00007fff6fdd0000 - 0x00007fff6fde4000 	C:\WINDOWS\system32\napinsp.dll
0x00007fff6fdf0000 - 0x00007fff6fe09000 	C:\WINDOWS\system32\pnrpnsp.dll
0x00007fff742d0000 - 0x00007fff742e9000 	C:\WINDOWS\system32\NLAapi.dll
0x00007fff77610000 - 0x00007fff776b3000 	C:\WINDOWS\SYSTEM32\DNSAPI.dll
0x00007fff6fe10000 - 0x00007fff6fe1c000 	C:\WINDOWS\System32\winrnr.dll
0x00007fff701a0000 - 0x00007fff701a9000 	C:\Windows\System32\rasadhlp.dll
0x00007fff73690000 - 0x00007fff736b9000 	C:\WINDOWS\SYSTEM32\IPHLPAPI.DLL
0x00007fff73990000 - 0x00007fff7399a000 	C:\WINDOWS\SYSTEM32\WINNSI.DLL
0x00007fff731c0000 - 0x00007fff73228000 	C:\WINDOWS\System32\fwpuclnt.dll
0x00007fff77860000 - 0x00007fff7787e000 	C:\WINDOWS\SYSTEM32\CRYPTSP.dll
0x00007fff774a0000 - 0x00007fff774d5000 	C:\WINDOWS\system32\rsaenh.dll
0x00007fff77af0000 - 0x00007fff77b16000 	C:\WINDOWS\SYSTEM32\bcrypt.dll
0x00007fff77e20000 - 0x00007fff77e80000 	C:\WINDOWS\system32\bcryptprimitives.dll
0x00007fff77e80000 - 0x00007fff77e8a000 	C:\WINDOWS\SYSTEM32\CRYPTBASE.dll
0x00007fff73540000 - 0x00007fff73554000 	C:\WINDOWS\SYSTEM32\dhcpcsvc6.DLL
0x00007fff73350000 - 0x00007fff73369000 	C:\WINDOWS\SYSTEM32\dhcpcsvc.DLL
0x0000000062e80000 - 0x0000000062e91000 	C:\Program Files\Java\jdk1.8.0_05\jre\bin\nio.dll
0x00007fff73ca0000 - 0x00007fff73e28000 	C:\WINDOWS\SYSTEM32\dbghelp.dll

VM Arguments:
jvm_args: -agentlib:jdwp=transport=dt_socket,address=127.0.0.1:63027,suspend=y,server=n -javaagent:C:\Users\Bruno\.IntelliJIdea13\system\groovyHotSwap\gragent.jar -Dfile.encoding=UTF-8 
java_command: com.dontah.service.Main
java_class_path (initial): C:\Program Files\Java\jdk1.8.0_05\jre\lib\charsets.jar;C:\Program Files\Java\jdk1.8.0_05\jre\lib\deploy.jar;C:\Program Files\Java\jdk1.8.0_05\jre\lib\javaws.jar;C:\Program Files\Java\jdk1.8.0_05\jre\lib\jce.jar;C:\Program Files\Java\jdk1.8.0_05\jre\lib\jfr.jar;C:\Program Files\Java\jdk1.8.0_05\jre\lib\jfxswt.jar;C:\Program Files\Java\jdk1.8.0_05\jre\lib\jsse.jar;C:\Program Files\Java\jdk1.8.0_05\jre\lib\management-agent.jar;C:\Program Files\Java\jdk1.8.0_05\jre\lib\plugin.jar;C:\Program Files\Java\jdk1.8.0_05\jre\lib\resources.jar;C:\Program Files\Java\jdk1.8.0_05\jre\lib\rt.jar;C:\Program Files\Java\jdk1.8.0_05\jre\lib\ext\access-bridge-64.jar;C:\Program Files\Java\jdk1.8.0_05\jre\lib\ext\cldrdata.jar;C:\Program Files\Java\jdk1.8.0_05\jre\lib\ext\dnsns.jar;C:\Program Files\Java\jdk1.8.0_05\jre\lib\ext\jaccess.jar;C:\Program Files\Java\jdk1.8.0_05\jre\lib\ext\jfxrt.jar;C:\Program Files\Java\jdk1.8.0_05\jre\lib\ext\localedata.jar;C:\Program Files\Java\jdk1.8.0_05\jre\lib\ext\nashorn.jar;C:\Program Files\Java\jdk1.8.0_05\jre\lib\ext\sunec.jar;C:\Program Files\Java\jdk1.8.0_05\jre\lib\ext\sunjce_provider.jar;C:\Program Files\Java\jdk1.8.0_05\jre\lib\ext\sunmscapi.jar;C:\Program Files\Java\jdk1.8.0_05\jre\lib\ext\sunpkcs11.jar;C:\Program Files\Java\jdk1.8.0_05\jre\lib\ext\zipfs.jar;C:\Users\Bruno\Documents\Dev\workspace\StockRanking\dbmaker\build\classes\main;C:\Users\Bruno\Documents\Dev\workspace\StockRanking\domain\build\classes\main;C:\Users\Bruno\.gradle\caches\modules-2\files-2.1\org.hibernate\hibernate-core\4.3.6.Final\e6f1e89880e645c66ef9c30d60a68f7e26f3152d\hibernate-core-4.3.6.Final.jar;C:\Users\Bruno\.gradle\caches\modules-2\files-2.1\javax.servlet\javax.servlet-api\3.0.1\6bf0ebb7efd993e222fc1112377b5e92a13b38dd\javax.servlet-api-3.0.1.jar;C:\Users\Bruno\.gradle\caches\modules-2\files-2.1\org.jboss.logging\jboss-logging\3.1.3.GA\64499e907f19e5e1b3fdc02f81440c1832fe3545\jboss-logging-3.1.3.GA.jar;C:\Users\Bruno\.gradle\caches\module
Launcher Type: SUN_STANDARD

Environment Variables:
JAVA_HOME=C:\Program Files\Java\jdk1.8.0_05
PATH=C:\ProgramData\Oracle\Java\javapath;C:\WINDOWS\system32;C:\WINDOWS;C:\WINDOWS\System32\Wbem;C:\WINDOWS\System32\WindowsPowerShell\v1.0\;C:\Program Files\TortoiseSVN\bin;C:\Program Files\nodejs\;C:\Program Files\TortoiseSVN\bin;C:\Users\Bruno\AppData\Local\Android\android-sdk\platform-tools;C:\Users\Bruno\Documents\Dev\apache-maven-3.1.1\bin;C:\Users\Bruno\Documents\Dev\gradle-2.0\bin;C:\Program Files\Java\jdk1.8.0_05\bin;C:\Users\Bruno\AppData\Roaming\npm
USERNAME=Bruno
OS=Windows_NT
PROCESSOR_IDENTIFIER=Intel64 Family 6 Model 37 Stepping 2, GenuineIntel



---------------  S Y S T E M  ---------------

OS: Windows 8.1 , 64 bit Build 9600 

CPU:total 4 (2 cores per cpu, 2 threads per core) family 6 model 37 stepping 2, cmov, cx8, fxsr, mmx, sse, sse2, sse3, ssse3, sse4.1, sse4.2, popcnt, ht, tsc, tscinvbit

Memory: 4k page, physical 3988324k(793616k free), swap 5692260k(975900k free)

vm_info: Java HotSpot(TM) 64-Bit Server VM (25.5-b02) for windows-amd64 JRE (1.8.0_05-b13), built on Mar 18 2014 01:08:39 by "java_re" with MS VC++ 10.0 (VS2010)

time: Wed Nov 12 23:52:48 2014
elapsed time: 758 seconds

