ABCB
ABEV
ABRE
AEDU
AELP
AFLT
AFLU
AGRO
AHEB
ALLL
ALPA
ALSC
ALTS
ALUP
AMAR
ANIM
AORE
APTI
ARTR
ARZZ
AUTM
AZEV
BAHI
BALM
BAUH
BAZA
BBAS
BBDC
BBRK
BBSE
BBTG
BDLL
BEEF
BEES
BEMA
BGIP
BHGR
BICB
BIOM
BISA
BMEB
BMIN
BMKS
BMTO
BNBR
BOBR
BPAC
BPAR
BPAT
BPHA
BPNM
BRAP
BRFS
BRGE
BRIN
BRIV
BRKM
BRML
BRPR
BRSR
BSEV
BSLI
BTOW
BTTL
BUET
BVMF
CABB
CACO
CAFE
CALI
CAMB
CANT
CARD
CASN
CATA
CBEE
CBMA
CCHI
CCPR
CCRO
CCXC
CEBR
CEDO
CEEB
CEED
CEGR
CELP
CEPE
CESP
CGAS
CGRA
CIEL
CIQU
CLAN
CLSC
CMGR
CMIG
CMSA
CNFB
COCE
CORR
CPFE
CPLE
CPRE
CRDE
CREM
CRIV
CRUZ
CSAB
CSAN
CSMG
CSNA
CSRN
CTAX
CTIP
CTKA
CTNM
CTSA
CVCB
CYRE
CZLT
DAGB
DASA
DAYC
DHBI
DIRR
DOCA
DOHL
DTCY
DTEX
DUQE
DVIX
EALT
EBTP
ECOR
ECPR
EEEL
EKTR
ELEK
ELET
ELPL
EMAE
EMBR
ENBR
ENEV
ENGI
ENMA
EQTL
ESTC
ESTR
ETER
ETRO
EUCA
EVEN
EZTC
FBMC
FCAP
FESA
FHER
FIBR
FIGE
FJTA
FLRY
FNCN
FRAS
FRIO
FRRN
GEPA
GETI
GFSA
GGBR
GNAN
GOAU
GOLL
GPAR
GPCP
GPIV
GRND
GRUC
GSHP
GUAR
HAGA
HBOR
HBTS
HETA
HGTX
HOOT
HRTP
HYPE
IDNT
IDVL
IGBR
IGTA
IGUA
IMBI
IMCH
INEP
INET
ITEC
ITSA
ITUB
IVPR
JBDU
JBSS
JFEN
JHSF
JOPA
JSLG
KEPL
KLBN
KROT
LAME
LATM
LCAM
LEVE
LFFE
LHER
LIGT
LINX
LIPR
LIXC
LLIS
LOGN
LPSB
LREN
LUPA
LUXM
MAGG
MAOR
MAPT
MDIA
MEND
MERC
MGEL
MGLU
MILS
MLFT
MLPP
MMAQ
MMXM
MNDL
MNPR
MNZC
MOAR
MPLU
MRFG
MRSA
MRVE
MSPA
MTIG
MTSA
MULT
MWET
MYPK
NAFG
NATU
NEMO
NETC
NORD
NRTQ
NUTR
ODER
ODPV
OIBR
OPHE
OPZI
OSXB
PATI
PCAR
PDGR
PEAB
PETR
PFRM
PINE
PITI
PLAS
PMAM
PMET
PNVL
POMO
POSI
PPAR
PQTM
PRBC
PRML
PRTX
PRVI
PSEG
PSSA
PTBL
PTNT
QGEP
QUAL
RADL
RANI
RAPT
RCSL
RDNI
RDTR
REDE
REEM
RENT
RHDS
RJCP
RNAR
RNEW
ROMI
RPAD
RPMG
RSID
RSUL
SANB
SAPR
SBSP
SCAR
SCLO
SEER
SFSA
SGAS
SGEN
SGPS
SHOW
SHUL
SJOS
SLCE
SLED
SMLE
SMTO
SNSL
SNSY
SOND
SPRI
SQRM
SSBR
STBP
STGM
SULA
SULT
SUZB
TAEE
TAMM
TBLE
TCNO
TCSA
TECN
TEKA
TELB
TEMP
TENE
TERI
TGMA
TIBR
TIMP
TKNO
TOTS
TOYB
TPIS
TRIS
TRPL
TRPN
TUPY
TXRX
UCAS
UCOP
UGPA
UNIP
USIM
VAGR
VALE
VIGR
VIVR
VIVT
VLID
VSPT
VULC
VVAR
WEGE
WHRL
WMBY
WSON
